<?xml version="1.0" encoding="UTF-8"?>
<Site BuildName="(empty)"
	BuildStamp="20240928-1727-Experimental"
	Name="hussein"
	Generator="ctest-3.22.1"
	CompilerName="/usr/bin/g++"
	CompilerVersion="11.4.0"
	OSName="Linux"
	Hostname="hussein"
	OSRelease="5.15.0-119-generic"
	OSVersion="#129-Ubuntu SMP Fri Aug 2 19:25:20 UTC 2024"
	OSPlatform="x86_64"
	Is64Bits="1"
	VendorString="GenuineIntel"
	VendorID="Intel Corporation"
	FamilyID="6"
	ModelID="158"
	ProcessorCacheSize="12288"
	NumberOfLogicalCPU="12"
	NumberOfPhysicalCPU="6"
	TotalVirtualMemory="2047"
	TotalPhysicalMemory="15861"
	LogicalProcessorsPerPhysical="2"
	ProcessorClockFrequency="2600"
	>
	<Testing>
		<StartDateTime>Sep 28 20:27 EEST</StartDateTime>
		<StartTestTime>1727544471</StartTestTime>
		<TestList/>
		<EndDateTime>Sep 28 20:27 EEST</EndDateTime>
		<EndTestTime>1727544471</EndTestTime>
		<ElapsedMinutes>0</ElapsedMinutes>
	</Testing>
</Site>
